21:56:47.053   DEBUG: Attempting to read config from /etc/please/plzconfig...
21:56:47.053   DEBUG: Attempting to read config from /home/aeales/.config/please/plzconfig...
21:56:47.053   DEBUG: Attempting to read config from /home/aeales/dev/git/eurobeat.exe/.plzconfig...
21:56:47.054   DEBUG: Read config from /home/aeales/dev/git/eurobeat.exe/.plzconfig
21:56:47.054   DEBUG: Attempting to read config from /home/aeales/dev/git/eurobeat.exe/.plzconfig_linux_amd64...
21:56:47.054   DEBUG: Attempting to read config from /home/aeales/dev/git/eurobeat.exe/.plzconfig.local...
21:56:47.056   DEBUG: Attempting to acquire lock plz-out/.lock...
21:56:47.056   DEBUG: Acquired lock plz-out/.lock
21:56:47.058   DEBUG: Loading built-in build rules...
21:56:47.060    INFO: Total cache size: 18 MB
21:56:47.071   DEBUG: Parser initialised
21:56:47.071   DEBUG: Original target scan complete
21:56:47.077   DEBUG: Building //src:_eurobeat.exe#lib_srcs...
21:56:47.090   DEBUG: Need to rebuild //src:_eurobeat.exe#lib, metadata file is missing
21:56:47.145   DEBUG: //src:_eurobeat.exe#lib: /home/aeales/.cache/please/src/_eurobeat.exe#lib/5Dtlj3O1hk_ZELkegg-Xfhp2hv0= doesn't exist in dir cache
21:56:47.145   DEBUG: Nothing retrieved from remote cache for //src:_eurobeat.exe#lib
21:56:47.153   DEBUG: Building target //src:_eurobeat.exe#lib
ENVIRONMENT:
LANG=en_GB.UTF-8
ARCH=amd64
GOARCH=amd64
GOOS=linux
OS=linux
PATH=/home/aeales/.please:/home/aeales/.please:/usr/local/go/bin:/usr/local/bin:/usr/bin:/bin
XARCH=x86_64
XOS=linux
PKG=src
PKG_DIR=src
NAME=_eurobeat.exe#lib
BUILD_CONFIG=opt
CONFIG=opt
TMP_DIR=/home/aeales/dev/git/eurobeat.exe/plz-out/tmp/src/_eurobeat.exe#lib._build
TMPDIR=/home/aeales/dev/git/eurobeat.exe/plz-out/tmp/src/_eurobeat.exe#lib._build
SRCS=src/main.go
OUTS=_eurobeat.exe#lib.a
HOME=/home/aeales/dev/git/eurobeat.exe/plz-out/tmp/src/_eurobeat.exe#lib._build
TOOLS=
PYTHONHASHSEED=42
OUT=/home/aeales/dev/git/eurobeat.exe/plz-out/tmp/src/_eurobeat.exe#lib._build/_eurobeat.exe#lib.a
SRC=src/main.go
TOOLS_FILTER=/home/aeales/.please/please_go_filter
TOOLS_GO=/usr/local/go/bin/go
export GOPATH=$TMP_DIR && export GOROOT=$("$TOOLS_GO" env GOROOT) && find "$GOROOT"/pkg/linux_amd64 -name "*.a" | sed -e s=^"$GOROOT"/pkg/linux_amd64/== | sed -e s="\.a$"== | xargs -I{} echo "packagefile {}="$GOROOT"/pkg/linux_amd64/{}.a" | sort -u > goroot.importconfig && find . -name "*.importconfig" | xargs -I{} cat {} | sort -u >> importconfig; export SRCS="$("${TOOLS_FILTER}" ${SRCS})"; "$TOOLS_GO" tool compile -importcfg importconfig -trimpath "$TMP_DIR" -complete  -pack  -o "$OUT" $SRCS
21:56:48.432   DEBUG: Outputs for //src:_eurobeat.exe#lib have changed
21:56:48.441   DEBUG: Storing //src:_eurobeat.exe#lib: _eurobeat.exe#lib.a in dir cache...
21:56:48.445   DEBUG: Storing //src:_eurobeat.exe#lib: .target_build_metadata__eurobeat.exe#lib in dir cache...
21:56:49.016   DEBUG: Running pre-build function for //src:eurobeat.exe
21:56:49.016   DEBUG: Finished pre-build function for //src:eurobeat.exe
21:56:49.016   DEBUG: Need to rebuild //src:eurobeat.exe, //src:_eurobeat.exe#lib has changed
21:56:49.027   DEBUG: //src:eurobeat.exe: /home/aeales/.cache/please/src/eurobeat.exe/xRkutrkgUF18aj0IRFQ2SvFHSzo= doesn't exist in dir cache
21:56:49.027   DEBUG: Nothing retrieved from remote cache for //src:eurobeat.exe
21:56:49.037   DEBUG: Building target //src:eurobeat.exe
ENVIRONMENT:
LANG=en_GB.UTF-8
ARCH=amd64
GOARCH=amd64
GOOS=linux
OS=linux
PATH=/home/aeales/.please:/home/aeales/.please:/usr/local/go/bin:/usr/local/bin:/usr/bin:/bin
XARCH=x86_64
XOS=linux
PKG=src
PKG_DIR=src
NAME=eurobeat.exe
BUILD_CONFIG=opt
CONFIG=opt
TMP_DIR=/home/aeales/dev/git/eurobeat.exe/plz-out/tmp/src/eurobeat.exe._build
TMPDIR=/home/aeales/dev/git/eurobeat.exe/plz-out/tmp/src/eurobeat.exe._build
SRCS=src/_eurobeat.exe#lib.a
OUTS=eurobeat.exe
HOME=/home/aeales/dev/git/eurobeat.exe/plz-out/tmp/src/eurobeat.exe._build
TOOLS=
PYTHONHASHSEED=42
OUT=/home/aeales/dev/git/eurobeat.exe/plz-out/tmp/src/eurobeat.exe._build/eurobeat.exe
SRC=src/_eurobeat.exe#lib.a
TOOLS_LD=/usr/bin/gcc
TOOLS_GO=/usr/local/go/bin/go
export GOPATH=$TMP_DIR && export GOROOT=$("$TOOLS_GO" env GOROOT) && find "$GOROOT"/pkg/linux_amd64 -name "*.a" | sed -e s=^"$GOROOT"/pkg/linux_amd64/== | sed -e s="\.a$"== | xargs -I{} echo "packagefile {}="$GOROOT"/pkg/linux_amd64/{}.a" | sort -u > goroot.importconfig && find . -name "*.importconfig" | xargs -I{} cat {} | sort -u >> importconfig && "$TOOLS_GO" tool link -importcfg importconfig -tmpdir "$TMP_DIR" -extld "$TOOLS_LD" -o "$OUT"  -s -w $SRCS
21:56:50.330   DEBUG: Outputs for //src:eurobeat.exe have changed
21:56:50.346   DEBUG: Storing //src:eurobeat.exe: eurobeat.exe in dir cache...
21:56:50.353   DEBUG: Storing //src:eurobeat.exe: .target_build_metadata_eurobeat.exe in dir cache...
21:56:50.925    INFO: Shutting down cache workers...
21:56:50.925   DEBUG: Shut down all cache workers
21:56:50.925    INFO: Running target plz-out/bin/src/eurobeat.exe...
